[   11837ms] [ERROR] Failed to load resource: the server responded with a status of 404 (Not Found) @ http://localhost:3000/blog?_rsc=1b02r:0
[   11996ms] [ERROR] Failed to load resource: the server responded with a status of 404 (Not Found) @ http://localhost:3000/blog:0
[ 1121209ms] [ERROR] ./_
Module not found: Can't resolve 'next/dist/client/next-dev-turbopack.js'
Failed to restore task data (corrupted database or bug): Meta for find_context_file (TaskId 820))

Debug info:
- Execution of <ModuleAssetContext as AssetContext>::resolve_asset failed
- Execution of resolve failed
- Execution of resolve_internal failed
- Execution of *ResolveResult::is_unresolvable failed
- Execution of *ResolveResult::with_replaced_request_key failed
- Execution of resolve_into_package failed
- Failed to restore task data (corrupted database or bug): Meta for find_context_file (TaskId 820))
  
  Caused by:
      0: Looking up data for TaskId 820 from database failed
      1: Unable to open static sorted file referenced from 00000450.meta
      2: Unable to open static sorted file 00000444.sst
      3: No such file or directory (os error 2)
Import map: aliased to module 'next' with subpath '/dist/client/next-dev-turbopack.js' inside of [project]/

https://nextjs.org/docs/messages/module-not-found @ http://localhost:3000/_next/static/chunks/node_modules_next_dist_f3530cac._.js:3127
[ 1121271ms] [ERROR] ./_
Module not found: Can't resolve 'next/dist/client/next-dev-turbopack.js'
Failed to restore task data (corrupted database or bug): Meta for find_context_file (TaskId 820))

Debug info:
- Execution of <ModuleAssetContext as AssetContext>::resolve_asset failed
- Execution of resolve failed
- Execution of resolve_internal failed
- Execution of *ResolveResult::is_unresolvable failed
- Execution of *ResolveResult::with_replaced_request_key failed
- Execution of resolve_into_package failed
- Failed to restore task data (corrupted database or bug): Meta for find_context_file (TaskId 820))
  
  Caused by:
      0: Looking up data for TaskId 820 from database failed
      1: Unable to open static sorted file referenced from 00000450.meta
      2: Unable to open static sorted file 00000444.sst
      3: No such file or directory (os error 2)
Import map: aliased to module 'next' with subpath '/dist/client/next-dev-turbopack.js' inside of [project]/

https://nextjs.org/docs/messages/module-not-found @ http://localhost:3000/_next/static/chunks/node_modules_next_dist_f3530cac._.js:3127
[ 1121279ms] [ERROR] ./_
Module not found: Can't resolve 'next/dist/client/next-dev-turbopack.js'
Failed to restore task data (corrupted database or bug): Meta for find_context_file (TaskId 820))

Debug info:
- Execution of <ModuleAssetContext as AssetContext>::resolve_asset failed
- Execution of resolve failed
- Execution of resolve_internal failed
- Execution of *ResolveResult::is_unresolvable failed
- Execution of *ResolveResult::with_replaced_request_key failed
- Execution of resolve_into_package failed
- Failed to restore task data (corrupted database or bug): Meta for find_context_file (TaskId 820))
  
  Caused by:
      0: Looking up data for TaskId 820 from database failed
      1: Unable to open static sorted file referenced from 00000450.meta
      2: Unable to open static sorted file 00000444.sst
      3: No such file or directory (os error 2)
Import map: aliased to module 'next' with subpath '/dist/client/next-dev-turbopack.js' inside of [project]/

https://nextjs.org/docs/messages/module-not-found @ http://localhost:3000/_next/static/chunks/node_modules_next_dist_f3530cac._.js:3127
[ 1121280ms] [ERROR] ./_
Module not found: Can't resolve 'next/dist/client/next-dev-turbopack.js'
Failed to restore task data (corrupted database or bug): Meta for find_context_file (TaskId 820))

Debug info:
- Execution of <ModuleAssetContext as AssetContext>::resolve_asset failed
- Execution of resolve failed
- Execution of resolve_internal failed
- Execution of *ResolveResult::is_unresolvable failed
- Execution of *ResolveResult::with_replaced_request_key failed
- Execution of resolve_into_package failed
- Failed to restore task data (corrupted database or bug): Meta for find_context_file (TaskId 820))
  
  Caused by:
      0: Looking up data for TaskId 820 from database failed
      1: Unable to open static sorted file referenced from 00000450.meta
      2: Unable to open static sorted file 00000444.sst
      3: No such file or directory (os error 2)
Import map: aliased to module 'next' with subpath '/dist/client/next-dev-turbopack.js' inside of [project]/

https://nextjs.org/docs/messages/module-not-found @ http://localhost:3000/_next/static/chunks/node_modules_next_dist_f3530cac._.js:3127
[ 1129238ms] [ERROR] WebSocket connection to 'ws://localhost:3000/_next/webpack-hmr?id=1sUkskn_e4vPXcGllwXYB' failed: Error in connection establishment: net::ERR_CONNECTION_REFUSED @ http://localhost:3000/_next/static/chunks/node_modules_next_dist_client_17643121._.js:10878
[ 1130241ms] [ERROR] WebSocket connection to 'ws://localhost:3000/_next/webpack-hmr?id=1sUkskn_e4vPXcGllwXYB' failed: Error in connection establishment: net::ERR_CONNECTION_REFUSED @ http://localhost:3000/_next/static/chunks/node_modules_next_dist_client_17643121._.js:10878
[ 1131244ms] [ERROR] WebSocket connection to 'ws://localhost:3000/_next/webpack-hmr?id=1sUkskn_e4vPXcGllwXYB' failed: Error in connection establishment: net::ERR_CONNECTION_REFUSED @ http://localhost:3000/_next/static/chunks/node_modules_next_dist_client_17643121._.js:10878
[ 1132246ms] [ERROR] WebSocket connection to 'ws://localhost:3000/_next/webpack-hmr?id=1sUkskn_e4vPXcGllwXYB' failed: Error in connection establishment: net::ERR_CONNECTION_REFUSED @ http://localhost:3000/_next/static/chunks/node_modules_next_dist_client_17643121._.js:10878
[ 1133248ms] [ERROR] WebSocket connection to 'ws://localhost:3000/_next/webpack-hmr?id=1sUkskn_e4vPXcGllwXYB' failed: Error in connection establishment: net::ERR_CONNECTION_REFUSED @ http://localhost:3000/_next/static/chunks/node_modules_next_dist_client_17643121._.js:10878
