[    5461ms] [ERROR] Failed to load resource: the server responded with a status of 404 (Not Found) @ http://localhost:3000/blog:0
[    6590ms] [ERROR] Failed to load resource: the server responded with a status of 404 (Not Found) @ http://localhost:3000/blog/posts/test-slug:0
[   39653ms] [ERROR] WebSocket connection to 'ws://localhost:3000/_next/webpack-hmr?id=BiXwhYAr85R_aKc49WZY8' failed: Error in connection establishment: net::ERR_CONNECTION_REFUSED @ http://localhost:3000/_next/static/chunks/node_modules_next_dist_client_17643121._.js:10878
[   44093ms] [ERROR] Failed to load resource: the server responded with a status of 404 (Not Found) @ http://localhost:3000/blog/posts/test-slug:0
[   61047ms] [ERROR] Failed to load resource: the server responded with a status of 404 (Not Found) @ http://localhost:3000/blog:0
[   61925ms] [ERROR] Failed to load resource: the server responded with a status of 404 (Not Found) @ http://localhost:3000/blog/posts/test-slug:0
[   95479ms] [ERROR] WebSocket connection to 'ws://localhost:3000/_next/webpack-hmr?id=V9ceFEA7eBSimRTgVFlh4' failed: Error in connection establishment: net::ERR_CONNECTION_REFUSED @ http://localhost:3000/_next/static/chunks/node_modules_next_dist_client_17643121._.js:10878
[   96482ms] [ERROR] WebSocket connection to 'ws://localhost:3000/_next/webpack-hmr?id=V9ceFEA7eBSimRTgVFlh4' failed: Error in connection establishment: net::ERR_CONNECTION_REFUSED @ http://localhost:3000/_next/static/chunks/node_modules_next_dist_client_17643121._.js:10878
[   97484ms] [ERROR] WebSocket connection to 'ws://localhost:3000/_next/webpack-hmr?id=V9ceFEA7eBSimRTgVFlh4' failed: Error in connection establishment: net::ERR_CONNECTION_REFUSED @ http://localhost:3000/_next/static/chunks/node_modules_next_dist_client_17643121._.js:10878
[  101791ms] [ERROR] Failed to load resource: the server responded with a status of 404 (Not Found) @ http://localhost:3000/blog/posts/test-slug:0
[  130592ms] [ERROR] WebSocket connection to 'ws://localhost:3000/_next/webpack-hmr?id=CCrevlwqmB6rZOBG3EdRT' failed: Error in connection establishment: net::ERR_CONNECTION_REFUSED @ http://localhost:3000/_next/static/chunks/node_modules_next_dist_client_17643121._.js:10878
[  131594ms] [ERROR] WebSocket connection to 'ws://localhost:3000/_next/webpack-hmr?id=CCrevlwqmB6rZOBG3EdRT' failed: Error in connection establishment: net::ERR_CONNECTION_REFUSED @ http://localhost:3000/_next/static/chunks/node_modules_next_dist_client_17643121._.js:10878
[  132596ms] [ERROR] WebSocket connection to 'ws://localhost:3000/_next/webpack-hmr?id=CCrevlwqmB6rZOBG3EdRT' failed: Error in connection establishment: net::ERR_CONNECTION_REFUSED @ http://localhost:3000/_next/static/chunks/node_modules_next_dist_client_17643121._.js:10878
[  135090ms] [ERROR] Failed to load resource: the server responded with a status of 404 (Not Found) @ http://localhost:3000/blog/posts/test-slug:0
[  153718ms] [ERROR] Failed to load resource: the server responded with a status of 404 (Not Found) @ http://localhost:3000/blog:0
[  154512ms] [ERROR] Failed to load resource: the server responded with a status of 404 (Not Found) @ http://localhost:3000/blog:0
[  155355ms] [ERROR] Failed to load resource: the server responded with a status of 404 (Not Found) @ http://localhost:3000/blog/posts/test-slug:0
[  300265ms] [ERROR] Failed to load resource: the server responded with a status of 404 (Not Found) @ http://localhost:3000/blog:0
[  303704ms] [ERROR] Failed to load resource: the server responded with a status of 404 (Not Found) @ http://localhost:3000/blog:0
[  376283ms] [ERROR] Failed to load resource: the server responded with a status of 404 (Not Found) @ http://localhost:3000/blog:0
